{"C:\\Desenvolvimento\\codigo-barras\\src\\utils\\substring-replace.ts": {"path":"C:\\Desenvolvimento\\codigo-barras\\src\\utils\\substring-replace.ts","statementMap":{"0":{"start":{"line":1,"column":0},"end":{"line":1,"column":null}},"1":{"start":{"line":2,"column":10},"end":{"line":18,"column":null}},"2":{"start":{"line":3,"column":8},"end":{"line":5,"column":null}},"3":{"start":{"line":4,"column":12},"end":{"line":4,"column":41}},"4":{"start":{"line":7,"column":8},"end":{"line":7,"column":63}},"5":{"start":{"line":8,"column":8},"end":{"line":10,"column":null}},"6":{"start":{"line":9,"column":12},"end":{"line":9,"column":52}},"7":{"start":{"line":12,"column":8},"end":{"line":17,"column":19}},"8":{"start":{"line":20,"column":0},"end":{"line":20,"column":null}},"9":{"start":{"line":22,"column":13},"end":{"line":22,"column":null}}},"fnMap":{"0":{"name":"(anonymous_0)","decl":{"start":{"line":1,"column":0},"end":{"line":1,"column":null}},"loc":{"start":{"line":1,"column":0},"end":{"line":20,"column":null}}},"1":{"name":"(anonymous_2)","decl":{"start":{"line":2,"column":29},"end":{"line":2,"column":30}},"loc":{"start":{"line":2,"column":81},"end":{"line":18,"column":5}}}},"branchMap":{"0":{"loc":{"start":{"line":3,"column":8},"end":{"line":5,"column":null}},"type":"if","locations":[{"start":{"line":3,"column":8},"end":{"line":5,"column":null}}]},"1":{"loc":{"start":{"line":7,"column":18},"end":{"line":7,"column":62}},"type":"cond-expr","locations":[{"start":{"line":7,"column":42},"end":{"line":7,"column":49}},{"start":{"line":7,"column":52},"end":{"line":7,"column":62}}]},"2":{"loc":{"start":{"line":8,"column":8},"end":{"line":10,"column":null}},"type":"if","locations":[{"start":{"line":8,"column":8},"end":{"line":10,"column":null}}]}},"s":{"0":1,"1":1,"2":27,"3":3,"4":27,"5":27,"6":2,"7":27,"8":1,"9":1},"f":{"0":2,"1":27},"b":{"0":[3],"1":[27,0],"2":[2]}}
,"C:\\Desenvolvimento\\codigo-barras\\src\\validate\\calcula-digito-verificador-codigo.ts": {"path":"C:\\Desenvolvimento\\codigo-barras\\src\\validate\\calcula-digito-verificador-codigo.ts","statementMap":{"0":{"start":{"line":1,"column":0},"end":{"line":1,"column":52}},"1":{"start":{"line":3,"column":0},"end":{"line":3,"column":null}},"2":{"start":{"line":4,"column":11},"end":{"line":16,"column":null}},"3":{"start":{"line":5,"column":8},"end":{"line":5,"column":47}},"4":{"start":{"line":7,"column":8},"end":{"line":7,"column":34}},"5":{"start":{"line":8,"column":8},"end":{"line":8,"column":40}},"6":{"start":{"line":9,"column":8},"end":{"line":9,"column":33}},"7":{"start":{"line":11,"column":8},"end":{"line":15,"column":null}},"8":{"start":{"line":12,"column":12},"end":{"line":12,"column":51}},"9":{"start":{"line":13,"column":15},"end":{"line":15,"column":null}},"10":{"start":{"line":14,"column":12},"end":{"line":14,"column":51}},"11":{"start":{"line":17,"column":0},"end":{"line":17,"column":null}},"12":{"start":{"line":19,"column":13},"end":{"line":19,"column":null}}},"fnMap":{"0":{"name":"(anonymous_0)","decl":{"start":{"line":3,"column":0},"end":{"line":3,"column":null}},"loc":{"start":{"line":3,"column":0},"end":{"line":17,"column":null}}},"1":{"name":"(anonymous_2)","decl":{"start":{"line":4,"column":32},"end":{"line":4,"column":33}},"loc":{"start":{"line":4,"column":80},"end":{"line":16,"column":5}}}},"branchMap":{"0":{"loc":{"start":{"line":11,"column":8},"end":{"line":15,"column":null}},"type":"if","locations":[{"start":{"line":11,"column":8},"end":{"line":15,"column":null}},{"start":{"line":13,"column":15},"end":{"line":15,"column":null}}]},"1":{"loc":{"start":{"line":13,"column":15},"end":{"line":15,"column":null}},"type":"if","locations":[{"start":{"line":13,"column":15},"end":{"line":15,"column":null}}]}},"s":{"0":1,"1":1,"2":1,"3":3,"4":3,"5":3,"6":3,"7":3,"8":1,"9":2,"10":2,"11":1,"12":1},"f":{"0":2,"1":3},"b":{"0":[1,2],"1":[2]}}
,"C:\\Desenvolvimento\\codigo-barras\\src\\validate\\calcula-mod.ts": {"path":"C:\\Desenvolvimento\\codigo-barras\\src\\validate\\calcula-mod.ts","statementMap":{"0":{"start":{"line":1,"column":0},"end":{"line":1,"column":null}},"1":{"start":{"line":2,"column":11},"end":{"line":24,"column":null}},"2":{"start":{"line":4,"column":8},"end":{"line":4,"column":43}},"3":{"start":{"line":6,"column":19},"end":{"line":6,"column":20}},"4":{"start":{"line":7,"column":19},"end":{"line":7,"column":20}},"5":{"start":{"line":8,"column":16},"end":{"line":8,"column":18}},"6":{"start":{"line":10,"column":8},"end":{"line":15,"column":null}},"7":{"start":{"line":11,"column":12},"end":{"line":11,"column":56}},"8":{"start":{"line":12,"column":12},"end":{"line":14,"column":null}},"9":{"start":{"line":13,"column":16},"end":{"line":13,"column":25}},"10":{"start":{"line":16,"column":8},"end":{"line":18,"column":null}},"11":{"start":{"line":17,"column":12},"end":{"line":17,"column":48}},"12":{"start":{"line":19,"column":8},"end":{"line":19,"column":25}},"13":{"start":{"line":20,"column":8},"end":{"line":22,"column":null}},"14":{"start":{"line":21,"column":12},"end":{"line":21,"column":29}},"15":{"start":{"line":23,"column":8},"end":{"line":23,"column":20}},"16":{"start":{"line":26,"column":11},"end":{"line":48,"column":null}},"17":{"start":{"line":27,"column":24},"end":{"line":27,"column":48}},"18":{"start":{"line":28,"column":20},"end":{"line":28,"column":21}},"19":{"start":{"line":29,"column":16},"end":{"line":29,"column":17}},"20":{"start":{"line":30,"column":18},"end":{"line":30,"column":19}},"21":{"start":{"line":33,"column":8},"end":{"line":38,"column":null}},"22":{"start":{"line":33,"column":21},"end":{"line":33,"column":22}},"23":{"start":{"line":34,"column":23},"end":{"line":34,"column":35}},"24":{"start":{"line":35,"column":12},"end":{"line":35,"column":16}},"25":{"start":{"line":36,"column":12},"end":{"line":36,"column":34}},"26":{"start":{"line":37,"column":12},"end":{"line":37,"column":54}},"27":{"start":{"line":40,"column":8},"end":{"line":40,"column":25}},"28":{"start":{"line":42,"column":8},"end":{"line":43,"column":21}},"29":{"start":{"line":43,"column":12},"end":{"line":43,"column":21}},"30":{"start":{"line":44,"column":8},"end":{"line":45,"column":21}},"31":{"start":{"line":45,"column":12},"end":{"line":45,"column":21}},"32":{"start":{"line":47,"column":8},"end":{"line":47,"column":26}},"33":{"start":{"line":49,"column":0},"end":{"line":49,"column":null}},"34":{"start":{"line":51,"column":13},"end":{"line":51,"column":null}}},"fnMap":{"0":{"name":"(anonymous_0)","decl":{"start":{"line":1,"column":0},"end":{"line":1,"column":null}},"loc":{"start":{"line":1,"column":0},"end":{"line":49,"column":null}}},"1":{"name":"(anonymous_2)","decl":{"start":{"line":2,"column":26},"end":{"line":2,"column":27}},"loc":{"start":{"line":2,"column":41},"end":{"line":24,"column":5}}},"2":{"name":"(anonymous_3)","decl":{"start":{"line":26,"column":26},"end":{"line":26,"column":27}},"loc":{"start":{"line":26,"column":40},"end":{"line":48,"column":5}}}},"branchMap":{"0":{"loc":{"start":{"line":12,"column":12},"end":{"line":14,"column":null}},"type":"if","locations":[{"start":{"line":12,"column":12},"end":{"line":14,"column":null}}]},"1":{"loc":{"start":{"line":20,"column":8},"end":{"line":22,"column":null}},"type":"if","locations":[{"start":{"line":20,"column":8},"end":{"line":22,"column":null}}]},"2":{"loc":{"start":{"line":42,"column":8},"end":{"line":43,"column":21}},"type":"if","locations":[{"start":{"line":42,"column":8},"end":{"line":43,"column":21}}]},"3":{"loc":{"start":{"line":42,"column":12},"end":{"line":42,"column":32}},"type":"binary-expr","locations":[{"start":{"line":42,"column":12},"end":{"line":42,"column":20}},{"start":{"line":42,"column":24},"end":{"line":42,"column":32}}]},"4":{"loc":{"start":{"line":44,"column":8},"end":{"line":45,"column":21}},"type":"if","locations":[{"start":{"line":44,"column":8},"end":{"line":45,"column":21}}]}},"s":{"0":1,"1":1,"2":8,"3":8,"4":8,"5":8,"6":8,"7":117,"8":117,"9":57,"10":8,"11":138,"12":8,"13":8,"14":6,"15":8,"16":1,"17":3,"18":3,"19":3,"20":3,"21":3,"22":3,"23":129,"24":129,"25":129,"26":129,"27":3,"28":3,"29":0,"30":3,"31":0,"32":3,"33":1,"34":1},"f":{"0":2,"1":8,"2":3},"b":{"0":[57],"1":[6],"2":[0],"3":[3,3],"4":[0]}}
,"C:\\Desenvolvimento\\codigo-barras\\src\\validate\\identifica-referencia.ts": {"path":"C:\\Desenvolvimento\\codigo-barras\\src\\validate\\identifica-referencia.ts","statementMap":{"0":{"start":{"line":1,"column":0},"end":{"line":1,"column":null}},"1":{"start":{"line":2,"column":11},"end":{"line":36,"column":null}},"2":{"start":{"line":3,"column":8},"end":{"line":3,"column":47}},"3":{"start":{"line":5,"column":27},"end":{"line":5,"column":46}},"4":{"start":{"line":7,"column":8},"end":{"line":7,"column":89}},"5":{"start":{"line":7,"column":40},"end":{"line":7,"column":89}},"6":{"start":{"line":9,"column":8},"end":{"line":14,"column":null}},"7":{"start":{"line":10,"column":12},"end":{"line":13,"column":null}},"8":{"start":{"line":16,"column":8},"end":{"line":21,"column":null}},"9":{"start":{"line":17,"column":12},"end":{"line":20,"column":null}},"10":{"start":{"line":23,"column":8},"end":{"line":28,"column":null}},"11":{"start":{"line":24,"column":12},"end":{"line":27,"column":null}},"12":{"start":{"line":30,"column":8},"end":{"line":35,"column":null}},"13":{"start":{"line":31,"column":12},"end":{"line":34,"column":null}},"14":{"start":{"line":37,"column":0},"end":{"line":37,"column":null}},"15":{"start":{"line":39,"column":13},"end":{"line":39,"column":null}}},"fnMap":{"0":{"name":"(anonymous_0)","decl":{"start":{"line":1,"column":0},"end":{"line":1,"column":null}},"loc":{"start":{"line":1,"column":0},"end":{"line":37,"column":null}}},"1":{"name":"(anonymous_2)","decl":{"start":{"line":2,"column":35},"end":{"line":2,"column":36}},"loc":{"start":{"line":2,"column":50},"end":{"line":36,"column":5}}}},"branchMap":{"0":{"loc":{"start":{"line":7,"column":8},"end":{"line":7,"column":89}},"type":"if","locations":[{"start":{"line":7,"column":8},"end":{"line":7,"column":89}}]},"1":{"loc":{"start":{"line":9,"column":8},"end":{"line":14,"column":null}},"type":"if","locations":[{"start":{"line":9,"column":8},"end":{"line":14,"column":null}}]},"2":{"loc":{"start":{"line":16,"column":8},"end":{"line":21,"column":null}},"type":"if","locations":[{"start":{"line":16,"column":8},"end":{"line":21,"column":null}}]},"3":{"loc":{"start":{"line":23,"column":8},"end":{"line":28,"column":null}},"type":"if","locations":[{"start":{"line":23,"column":8},"end":{"line":28,"column":null}}]},"4":{"loc":{"start":{"line":30,"column":8},"end":{"line":35,"column":null}},"type":"if","locations":[{"start":{"line":30,"column":8},"end":{"line":35,"column":null}}]}},"s":{"0":1,"1":1,"2":7,"3":7,"4":7,"5":0,"6":7,"7":2,"8":5,"9":0,"10":5,"11":4,"12":1,"13":0,"14":1,"15":1},"f":{"0":2,"1":7},"b":{"0":[0],"1":[2],"2":[0],"3":[4],"4":[0]}}
,"C:\\Desenvolvimento\\codigo-barras\\src\\validate\\identifica-tipo-boleto.ts": {"path":"C:\\Desenvolvimento\\codigo-barras\\src\\validate\\identifica-tipo-boleto.ts","statementMap":{"0":{"start":{"line":1,"column":0},"end":{"line":1,"column":null}},"1":{"start":{"line":2,"column":11},"end":{"line":28,"column":null}},"2":{"start":{"line":3,"column":8},"end":{"line":3,"column":47}},"3":{"start":{"line":5,"column":8},"end":{"line":5,"column":89}},"4":{"start":{"line":5,"column":40},"end":{"line":5,"column":89}},"5":{"start":{"line":7,"column":8},"end":{"line":27,"column":null}},"6":{"start":{"line":8,"column":12},"end":{"line":8,"column":39}},"7":{"start":{"line":9,"column":15},"end":{"line":27,"column":null}},"8":{"start":{"line":10,"column":12},"end":{"line":24,"column":null}},"9":{"start":{"line":11,"column":16},"end":{"line":11,"column":48}},"10":{"start":{"line":12,"column":19},"end":{"line":24,"column":null}},"11":{"start":{"line":13,"column":16},"end":{"line":13,"column":45}},"12":{"start":{"line":14,"column":19},"end":{"line":24,"column":null}},"13":{"start":{"line":15,"column":16},"end":{"line":15,"column":57}},"14":{"start":{"line":16,"column":19},"end":{"line":24,"column":null}},"15":{"start":{"line":17,"column":16},"end":{"line":17,"column":51}},"16":{"start":{"line":18,"column":19},"end":{"line":24,"column":null}},"17":{"start":{"line":19,"column":16},"end":{"line":19,"column":47}},"18":{"start":{"line":20,"column":19},"end":{"line":24,"column":null}},"19":{"start":{"line":21,"column":16},"end":{"line":21,"column":32}},"20":{"start":{"line":22,"column":19},"end":{"line":24,"column":null}},"21":{"start":{"line":23,"column":16},"end":{"line":23,"column":55}},"22":{"start":{"line":26,"column":12},"end":{"line":26,"column":27}},"23":{"start":{"line":29,"column":0},"end":{"line":29,"column":null}},"24":{"start":{"line":31,"column":13},"end":{"line":31,"column":null}}},"fnMap":{"0":{"name":"(anonymous_0)","decl":{"start":{"line":1,"column":0},"end":{"line":1,"column":null}},"loc":{"start":{"line":1,"column":0},"end":{"line":29,"column":null}}},"1":{"name":"(anonymous_2)","decl":{"start":{"line":2,"column":35},"end":{"line":2,"column":36}},"loc":{"start":{"line":2,"column":50},"end":{"line":28,"column":5}}}},"branchMap":{"0":{"loc":{"start":{"line":5,"column":8},"end":{"line":5,"column":89}},"type":"if","locations":[{"start":{"line":5,"column":8},"end":{"line":5,"column":89}}]},"1":{"loc":{"start":{"line":7,"column":8},"end":{"line":27,"column":null}},"type":"if","locations":[{"start":{"line":7,"column":8},"end":{"line":27,"column":null}},{"start":{"line":9,"column":15},"end":{"line":27,"column":null}}]},"2":{"loc":{"start":{"line":7,"column":12},"end":{"line":7,"column":94}},"type":"binary-expr","locations":[{"start":{"line":7,"column":12},"end":{"line":7,"column":50}},{"start":{"line":7,"column":54},"end":{"line":7,"column":94}}]},"3":{"loc":{"start":{"line":9,"column":15},"end":{"line":27,"column":null}},"type":"if","locations":[{"start":{"line":9,"column":15},"end":{"line":27,"column":null}},{"start":{"line":25,"column":15},"end":{"line":27,"column":null}}]},"4":{"loc":{"start":{"line":10,"column":12},"end":{"line":24,"column":null}},"type":"if","locations":[{"start":{"line":10,"column":12},"end":{"line":24,"column":null}},{"start":{"line":12,"column":19},"end":{"line":24,"column":null}}]},"5":{"loc":{"start":{"line":12,"column":19},"end":{"line":24,"column":null}},"type":"if","locations":[{"start":{"line":12,"column":19},"end":{"line":24,"column":null}},{"start":{"line":14,"column":19},"end":{"line":24,"column":null}}]},"6":{"loc":{"start":{"line":14,"column":19},"end":{"line":24,"column":null}},"type":"if","locations":[{"start":{"line":14,"column":19},"end":{"line":24,"column":null}},{"start":{"line":16,"column":19},"end":{"line":24,"column":null}}]},"7":{"loc":{"start":{"line":16,"column":19},"end":{"line":24,"column":null}},"type":"if","locations":[{"start":{"line":16,"column":19},"end":{"line":24,"column":null}},{"start":{"line":18,"column":19},"end":{"line":24,"column":null}}]},"8":{"loc":{"start":{"line":18,"column":19},"end":{"line":24,"column":null}},"type":"if","locations":[{"start":{"line":18,"column":19},"end":{"line":24,"column":null}},{"start":{"line":20,"column":19},"end":{"line":24,"column":null}}]},"9":{"loc":{"start":{"line":20,"column":19},"end":{"line":24,"column":null}},"type":"if","locations":[{"start":{"line":20,"column":19},"end":{"line":24,"column":null}},{"start":{"line":22,"column":19},"end":{"line":24,"column":null}}]},"10":{"loc":{"start":{"line":20,"column":23},"end":{"line":20,"column":79}},"type":"binary-expr","locations":[{"start":{"line":20,"column":23},"end":{"line":20,"column":49}},{"start":{"line":20,"column":53},"end":{"line":20,"column":79}}]},"11":{"loc":{"start":{"line":22,"column":19},"end":{"line":24,"column":null}},"type":"if","locations":[{"start":{"line":22,"column":19},"end":{"line":24,"column":null}}]}},"s":{"0":1,"1":1,"2":18,"3":18,"4":0,"5":18,"6":1,"7":17,"8":9,"9":1,"10":8,"11":1,"12":7,"13":5,"14":2,"15":1,"16":1,"17":1,"18":0,"19":0,"20":0,"21":0,"22":8,"23":1,"24":1},"f":{"0":2,"1":18},"b":{"0":[0],"1":[1,17],"2":[18,17],"3":[9,8],"4":[1,8],"5":[1,7],"6":[5,2],"7":[1,1],"8":[1,0],"9":[0,0],"10":[0,0],"11":[0]}}
,"C:\\Desenvolvimento\\codigo-barras\\src\\validate\\identifica-valor-codigo-barras-arrecadacao.ts": {"path":"C:\\Desenvolvimento\\codigo-barras\\src\\validate\\identifica-valor-codigo-barras-arrecadacao.ts","statementMap":{"0":{"start":{"line":1,"column":0},"end":{"line":1,"column":62}},"1":{"start":{"line":2,"column":0},"end":{"line":2,"column":64}},"2":{"start":{"line":4,"column":0},"end":{"line":4,"column":null}},"3":{"start":{"line":5,"column":11},"end":{"line":37,"column":null}},"4":{"start":{"line":6,"column":8},"end":{"line":6,"column":47}},"5":{"start":{"line":8,"column":31},"end":{"line":8,"column":91}},"6":{"start":{"line":10,"column":31},"end":{"line":10,"column":33}},"7":{"start":{"line":13,"column":8},"end":{"line":34,"column":null}},"8":{"start":{"line":14,"column":12},"end":{"line":22,"column":null}},"9":{"start":{"line":15,"column":16},"end":{"line":15,"column":51}},"10":{"start":{"line":16,"column":16},"end":{"line":16,"column":47}},"11":{"start":{"line":17,"column":16},"end":{"line":17,"column":42}},"12":{"start":{"line":18,"column":16},"end":{"line":18,"column":51}},"13":{"start":{"line":19,"column":16},"end":{"line":19,"column":56}},"14":{"start":{"line":20,"column":19},"end":{"line":22,"column":null}},"15":{"start":{"line":21,"column":16},"end":{"line":21,"column":51}},"16":{"start":{"line":24,"column":12},"end":{"line":24,"column":83}},"17":{"start":{"line":26,"column":23},"end":{"line":26,"column":46}},"18":{"start":{"line":27,"column":12},"end":{"line":30,"column":null}},"19":{"start":{"line":28,"column":16},"end":{"line":28,"column":85}},"20":{"start":{"line":29,"column":16},"end":{"line":29,"column":47}},"21":{"start":{"line":33,"column":12},"end":{"line":33,"column":27}},"22":{"start":{"line":36,"column":8},"end":{"line":36,"column":26}},"23":{"start":{"line":39,"column":0},"end":{"line":39,"column":null}},"24":{"start":{"line":41,"column":13},"end":{"line":41,"column":null}}},"fnMap":{"0":{"name":"(anonymous_0)","decl":{"start":{"line":4,"column":0},"end":{"line":4,"column":null}},"loc":{"start":{"line":4,"column":0},"end":{"line":39,"column":null}}},"1":{"name":"(anonymous_2)","decl":{"start":{"line":5,"column":50},"end":{"line":5,"column":51}},"loc":{"start":{"line":5,"column":85},"end":{"line":37,"column":5}}}},"branchMap":{"0":{"loc":{"start":{"line":13,"column":8},"end":{"line":34,"column":null}},"type":"if","locations":[{"start":{"line":13,"column":8},"end":{"line":34,"column":null}},{"start":{"line":32,"column":15},"end":{"line":34,"column":null}}]},"1":{"loc":{"start":{"line":14,"column":12},"end":{"line":22,"column":null}},"type":"if","locations":[{"start":{"line":14,"column":12},"end":{"line":22,"column":null}},{"start":{"line":20,"column":19},"end":{"line":22,"column":null}}]},"2":{"loc":{"start":{"line":20,"column":19},"end":{"line":22,"column":null}},"type":"if","locations":[{"start":{"line":20,"column":19},"end":{"line":22,"column":null}}]}},"s":{"0":1,"1":1,"2":1,"3":1,"4":3,"5":3,"6":3,"7":3,"8":3,"9":1,"10":1,"11":1,"12":1,"13":1,"14":2,"15":2,"16":3,"17":3,"18":3,"19":16,"20":16,"21":0,"22":3,"23":1,"24":1},"f":{"0":2,"1":3},"b":{"0":[3,0],"1":[1,2],"2":[2]}}
,"C:\\Desenvolvimento\\codigo-barras\\src\\validate\\identifica-valor.ts": {"path":"C:\\Desenvolvimento\\codigo-barras\\src\\validate\\identifica-valor.ts","statementMap":{"0":{"start":{"line":1,"column":0},"end":{"line":1,"column":62}},"1":{"start":{"line":2,"column":0},"end":{"line":2,"column":64}},"2":{"start":{"line":3,"column":0},"end":{"line":3,"column":103}},"3":{"start":{"line":5,"column":0},"end":{"line":5,"column":null}},"4":{"start":{"line":6,"column":11},"end":{"line":44,"column":null}},"5":{"start":{"line":8,"column":27},"end":{"line":8,"column":77}},"6":{"start":{"line":10,"column":26},"end":{"line":10,"column":28}},"7":{"start":{"line":13,"column":8},"end":{"line":27,"column":null}},"8":{"start":{"line":14,"column":12},"end":{"line":25,"column":null}},"9":{"start":{"line":15,"column":16},"end":{"line":15,"column":51}},"10":{"start":{"line":16,"column":16},"end":{"line":16,"column":87}},"11":{"start":{"line":18,"column":27},"end":{"line":18,"column":50}},"12":{"start":{"line":19,"column":16},"end":{"line":22,"column":null}},"13":{"start":{"line":20,"column":20},"end":{"line":20,"column":89}},"14":{"start":{"line":21,"column":20},"end":{"line":21,"column":51}},"15":{"start":{"line":24,"column":16},"end":{"line":24,"column":134}},"16":{"start":{"line":29,"column":8},"end":{"line":42,"column":null}},"17":{"start":{"line":30,"column":12},"end":{"line":41,"column":null}},"18":{"start":{"line":31,"column":16},"end":{"line":31,"column":48}},"19":{"start":{"line":32,"column":16},"end":{"line":32,"column":87}},"20":{"start":{"line":34,"column":27},"end":{"line":34,"column":50}},"21":{"start":{"line":35,"column":16},"end":{"line":38,"column":null}},"22":{"start":{"line":36,"column":20},"end":{"line":36,"column":89}},"23":{"start":{"line":37,"column":20},"end":{"line":37,"column":51}},"24":{"start":{"line":40,"column":16},"end":{"line":40,"column":133}},"25":{"start":{"line":43,"column":8},"end":{"line":43,"column":38}},"26":{"start":{"line":45,"column":0},"end":{"line":45,"column":null}},"27":{"start":{"line":47,"column":13},"end":{"line":47,"column":null}}},"fnMap":{"0":{"name":"(anonymous_0)","decl":{"start":{"line":5,"column":0},"end":{"line":5,"column":null}},"loc":{"start":{"line":5,"column":0},"end":{"line":45,"column":null}}},"1":{"name":"(anonymous_2)","decl":{"start":{"line":6,"column":30},"end":{"line":6,"column":31}},"loc":{"start":{"line":6,"column":65},"end":{"line":44,"column":5}}}},"branchMap":{"0":{"loc":{"start":{"line":13,"column":8},"end":{"line":27,"column":null}},"type":"if","locations":[{"start":{"line":13,"column":8},"end":{"line":27,"column":null}}]},"1":{"loc":{"start":{"line":14,"column":12},"end":{"line":25,"column":null}},"type":"if","locations":[{"start":{"line":14,"column":12},"end":{"line":25,"column":null}},{"start":{"line":23,"column":19},"end":{"line":25,"column":null}}]},"2":{"loc":{"start":{"line":29,"column":8},"end":{"line":42,"column":null}},"type":"if","locations":[{"start":{"line":29,"column":8},"end":{"line":42,"column":null}}]},"3":{"loc":{"start":{"line":30,"column":12},"end":{"line":41,"column":null}},"type":"if","locations":[{"start":{"line":30,"column":12},"end":{"line":41,"column":null}},{"start":{"line":39,"column":19},"end":{"line":41,"column":null}}]}},"s":{"0":1,"1":1,"2":1,"3":1,"4":1,"5":4,"6":4,"7":4,"8":2,"9":0,"10":0,"11":0,"12":0,"13":0,"14":0,"15":2,"16":4,"17":2,"18":2,"19":2,"20":2,"21":2,"22":8,"23":8,"24":0,"25":4,"26":1,"27":1},"f":{"0":2,"1":4},"b":{"0":[2],"1":[0,2],"2":[2],"3":[2,0]}}
,"C:\\Desenvolvimento\\codigo-barras\\src\\validate\\identificar-data.ts": {"path":"C:\\Desenvolvimento\\codigo-barras\\src\\validate\\identificar-data.ts","statementMap":{"0":{"start":{"line":1,"column":0},"end":{"line":1,"column":64}},"1":{"start":{"line":2,"column":0},"end":{"line":2,"column":86}},"2":{"start":{"line":6,"column":17},"end":{"line":6,"column":34}},"3":{"start":{"line":7,"column":4},"end":{"line":7,"column":43}},"4":{"start":{"line":8,"column":23},"end":{"line":8,"column":73}},"5":{"start":{"line":9,"column":16},"end":{"line":9,"column":75}},"6":{"start":{"line":11,"column":20},"end":{"line":11,"column":22}},"7":{"start":{"line":12,"column":21},"end":{"line":12,"column":55}},"8":{"start":{"line":15,"column":4},"end":{"line":31,"column":null}},"9":{"start":{"line":16,"column":8},"end":{"line":20,"column":null}},"10":{"start":{"line":17,"column":12},"end":{"line":17,"column":null}},"11":{"start":{"line":19,"column":12},"end":{"line":19,"column":28}},"12":{"start":{"line":22,"column":11},"end":{"line":31,"column":null}},"13":{"start":{"line":23,"column":8},"end":{"line":29,"column":null}},"14":{"start":{"line":24,"column":12},"end":{"line":24,"column":null}},"15":{"start":{"line":25,"column":15},"end":{"line":29,"column":null}},"16":{"start":{"line":26,"column":12},"end":{"line":26,"column":95}},"17":{"start":{"line":28,"column":12},"end":{"line":28,"column":28}},"18":{"start":{"line":33,"column":4},"end":{"line":33,"column":46}},"19":{"start":{"line":35,"column":4},"end":{"line":35,"column":43}},"20":{"start":{"line":4,"column":0},"end":{"line":4,"column":16}}},"fnMap":{"0":{"name":"identificarData","decl":{"start":{"line":4,"column":16},"end":{"line":4,"column":31}},"loc":{"start":{"line":4,"column":66},"end":{"line":36,"column":1}}}},"branchMap":{"0":{"loc":{"start":{"line":15,"column":4},"end":{"line":31,"column":null}},"type":"if","locations":[{"start":{"line":15,"column":4},"end":{"line":31,"column":null}},{"start":{"line":22,"column":11},"end":{"line":31,"column":null}}]},"1":{"loc":{"start":{"line":16,"column":8},"end":{"line":20,"column":null}},"type":"if","locations":[{"start":{"line":16,"column":8},"end":{"line":20,"column":null}},{"start":{"line":18,"column":15},"end":{"line":20,"column":null}}]},"2":{"loc":{"start":{"line":22,"column":11},"end":{"line":31,"column":null}},"type":"if","locations":[{"start":{"line":22,"column":11},"end":{"line":31,"column":null}}]},"3":{"loc":{"start":{"line":23,"column":8},"end":{"line":29,"column":null}},"type":"if","locations":[{"start":{"line":23,"column":8},"end":{"line":29,"column":null}},{"start":{"line":25,"column":15},"end":{"line":29,"column":null}}]},"4":{"loc":{"start":{"line":25,"column":15},"end":{"line":29,"column":null}},"type":"if","locations":[{"start":{"line":25,"column":15},"end":{"line":29,"column":null}},{"start":{"line":27,"column":15},"end":{"line":29,"column":null}}]},"5":{"loc":{"start":{"line":25,"column":19},"end":{"line":25,"column":195}},"type":"binary-expr","locations":[{"start":{"line":25,"column":19},"end":{"line":25,"column":67}},{"start":{"line":25,"column":71},"end":{"line":25,"column":113}},{"start":{"line":25,"column":117},"end":{"line":25,"column":153}},{"start":{"line":25,"column":157},"end":{"line":25,"column":195}}]}},"s":{"0":1,"1":1,"2":2,"3":2,"4":2,"5":2,"6":2,"7":2,"8":2,"9":1,"10":1,"11":0,"12":1,"13":1,"14":1,"15":0,"16":0,"17":0,"18":2,"19":2,"20":1},"f":{"0":2},"b":{"0":[1,1],"1":[1,0],"2":[1],"3":[1,0],"4":[0,0],"5":[0,0,0,0]}}
,"C:\\Desenvolvimento\\codigo-barras\\src\\validate\\linha-digitavel-codigo-barras.ts": {"path":"C:\\Desenvolvimento\\codigo-barras\\src\\validate\\linha-digitavel-codigo-barras.ts","statementMap":{"0":{"start":{"line":1,"column":0},"end":{"line":1,"column":64}},"1":{"start":{"line":3,"column":0},"end":{"line":3,"column":null}},"2":{"start":{"line":4,"column":11},"end":{"line":31,"column":null}},"3":{"start":{"line":5,"column":8},"end":{"line":5,"column":47}},"4":{"start":{"line":7,"column":27},"end":{"line":7,"column":77}},"5":{"start":{"line":9,"column":24},"end":{"line":9,"column":26}},"6":{"start":{"line":11,"column":8},"end":{"line":28,"column":null}},"7":{"start":{"line":12,"column":12},"end":{"line":17,"column":38}},"8":{"start":{"line":20,"column":12},"end":{"line":20,"column":38}},"9":{"start":{"line":21,"column":12},"end":{"line":21,"column":33}},"10":{"start":{"line":22,"column":12},"end":{"line":22,"column":33}},"11":{"start":{"line":23,"column":12},"end":{"line":23,"column":33}},"12":{"start":{"line":24,"column":12},"end":{"line":24,"column":33}},"13":{"start":{"line":25,"column":12},"end":{"line":25,"column":37}},"14":{"start":{"line":27,"column":12},"end":{"line":27,"column":31}},"15":{"start":{"line":30,"column":8},"end":{"line":30,"column":25}},"16":{"start":{"line":32,"column":0},"end":{"line":32,"column":null}},"17":{"start":{"line":34,"column":13},"end":{"line":34,"column":null}}},"fnMap":{"0":{"name":"(anonymous_0)","decl":{"start":{"line":3,"column":0},"end":{"line":3,"column":null}},"loc":{"start":{"line":3,"column":0},"end":{"line":32,"column":null}}},"1":{"name":"(anonymous_2)","decl":{"start":{"line":4,"column":38},"end":{"line":4,"column":39}},"loc":{"start":{"line":4,"column":49},"end":{"line":31,"column":5}}}},"branchMap":{"0":{"loc":{"start":{"line":11,"column":8},"end":{"line":28,"column":null}},"type":"if","locations":[{"start":{"line":11,"column":8},"end":{"line":28,"column":null}},{"start":{"line":18,"column":15},"end":{"line":28,"column":null}}]}},"s":{"0":1,"1":1,"2":1,"3":4,"4":4,"5":4,"6":4,"7":2,"8":2,"9":2,"10":2,"11":2,"12":2,"13":2,"14":2,"15":4,"16":1,"17":1},"f":{"0":2,"1":4},"b":{"0":[2,2]}}
,"C:\\Desenvolvimento\\codigo-barras\\src\\validate\\validar-digito-verificador.ts": {"path":"C:\\Desenvolvimento\\codigo-barras\\src\\validate\\validar-digito-verificador.ts","statementMap":{"0":{"start":{"line":1,"column":0},"end":{"line":1,"column":63}},"1":{"start":{"line":2,"column":0},"end":{"line":2,"column":42}},"2":{"start":{"line":3,"column":0},"end":{"line":3,"column":63}},"3":{"start":{"line":4,"column":0},"end":{"line":4,"column":88}},"4":{"start":{"line":6,"column":0},"end":{"line":6,"column":null}},"5":{"start":{"line":8,"column":11},"end":{"line":77,"column":null}},"6":{"start":{"line":9,"column":8},"end":{"line":9,"column":47}},"7":{"start":{"line":12,"column":25},"end":{"line":12,"column":75}},"8":{"start":{"line":13,"column":51},"end":{"line":13,"column":102}},"9":{"start":{"line":15,"column":8},"end":{"line":75,"column":null}},"10":{"start":{"line":16,"column":12},"end":{"line":57,"column":null}},"11":{"start":{"line":17,"column":31},"end":{"line":17,"column":97}},"12":{"start":{"line":18,"column":31},"end":{"line":18,"column":101}},"13":{"start":{"line":19,"column":31},"end":{"line":19,"column":101}},"14":{"start":{"line":20,"column":31},"end":{"line":20,"column":51}},"15":{"start":{"line":21,"column":31},"end":{"line":21,"column":48}},"16":{"start":{"line":23,"column":16},"end":{"line":23,"column":84}},"17":{"start":{"line":26,"column":16},"end":{"line":56,"column":null}},"18":{"start":{"line":27,"column":41},"end":{"line":27,"column":43}},"19":{"start":{"line":28,"column":41},"end":{"line":28,"column":43}},"20":{"start":{"line":29,"column":41},"end":{"line":29,"column":43}},"21":{"start":{"line":30,"column":41},"end":{"line":30,"column":43}},"22":{"start":{"line":31,"column":20},"end":{"line":53,"column":null}},"23":{"start":{"line":32,"column":24},"end":{"line":32,"column":102}},"24":{"start":{"line":33,"column":24},"end":{"line":33,"column":104}},"25":{"start":{"line":34,"column":24},"end":{"line":34,"column":104}},"26":{"start":{"line":35,"column":24},"end":{"line":35,"column":104}},"27":{"start":{"line":36,"column":27},"end":{"line":53,"column":null}},"28":{"start":{"line":37,"column":24},"end":{"line":37,"column":54}},"29":{"start":{"line":38,"column":24},"end":{"line":38,"column":55}},"30":{"start":{"line":39,"column":24},"end":{"line":39,"column":55}},"31":{"start":{"line":40,"column":24},"end":{"line":40,"column":55}},"32":{"start":{"line":42,"column":34},"end":{"line":42,"column":64}},"33":{"start":{"line":43,"column":34},"end":{"line":43,"column":64}},"34":{"start":{"line":44,"column":34},"end":{"line":44,"column":64}},"35":{"start":{"line":45,"column":34},"end":{"line":45,"column":64}},"36":{"start":{"line":47,"column":37},"end":{"line":50,"column":66}},"37":{"start":{"line":52,"column":24},"end":{"line":52,"column":37}},"38":{"start":{"line":55,"column":20},"end":{"line":55,"column":66}},"39":{"start":{"line":58,"column":15},"end":{"line":75,"column":null}},"40":{"start":{"line":60,"column":12},"end":{"line":74,"column":null}},"41":{"start":{"line":61,"column":27},"end":{"line":61,"column":85}},"42":{"start":{"line":62,"column":16},"end":{"line":62,"column":72}},"43":{"start":{"line":64,"column":16},"end":{"line":72,"column":null}},"44":{"start":{"line":65,"column":20},"end":{"line":65,"column":49}},"45":{"start":{"line":66,"column":20},"end":{"line":66,"column":43}},"46":{"start":{"line":67,"column":20},"end":{"line":67,"column":51}},"47":{"start":{"line":69,"column":31},"end":{"line":69,"column":125}},"48":{"start":{"line":70,"column":20},"end":{"line":70,"column":82}},"49":{"start":{"line":76,"column":8},"end":{"line":76,"column":36}},"50":{"start":{"line":78,"column":0},"end":{"line":78,"column":null}},"51":{"start":{"line":80,"column":13},"end":{"line":80,"column":null}}},"fnMap":{"0":{"name":"(anonymous_0)","decl":{"start":{"line":6,"column":0},"end":{"line":6,"column":null}},"loc":{"start":{"line":6,"column":0},"end":{"line":78,"column":null}}},"1":{"name":"(anonymous_2)","decl":{"start":{"line":8,"column":32},"end":{"line":8,"column":33}},"loc":{"start":{"line":8,"column":67},"end":{"line":77,"column":5}}}},"branchMap":{"0":{"loc":{"start":{"line":15,"column":8},"end":{"line":75,"column":null}},"type":"if","locations":[{"start":{"line":15,"column":8},"end":{"line":75,"column":null}},{"start":{"line":58,"column":15},"end":{"line":75,"column":null}}]},"1":{"loc":{"start":{"line":16,"column":12},"end":{"line":57,"column":null}},"type":"if","locations":[{"start":{"line":16,"column":12},"end":{"line":57,"column":null}},{"start":{"line":24,"column":19},"end":{"line":57,"column":null}}]},"2":{"loc":{"start":{"line":16,"column":16},"end":{"line":16,"column":74}},"type":"binary-expr","locations":[{"start":{"line":16,"column":16},"end":{"line":16,"column":37}},{"start":{"line":16,"column":41},"end":{"line":16,"column":74}}]},"3":{"loc":{"start":{"line":26,"column":16},"end":{"line":56,"column":null}},"type":"if","locations":[{"start":{"line":26,"column":16},"end":{"line":56,"column":null}}]},"4":{"loc":{"start":{"line":31,"column":20},"end":{"line":53,"column":null}},"type":"if","locations":[{"start":{"line":31,"column":20},"end":{"line":53,"column":null}},{"start":{"line":36,"column":27},"end":{"line":53,"column":null}}]},"5":{"loc":{"start":{"line":36,"column":27},"end":{"line":53,"column":null}},"type":"if","locations":[{"start":{"line":36,"column":27},"end":{"line":53,"column":null}}]},"6":{"loc":{"start":{"line":47,"column":37},"end":{"line":50,"column":66}},"type":"binary-expr","locations":[{"start":{"line":47,"column":37},"end":{"line":47,"column":75}},{"start":{"line":48,"column":28},"end":{"line":48,"column":66}},{"start":{"line":49,"column":28},"end":{"line":49,"column":66}},{"start":{"line":50,"column":28},"end":{"line":50,"column":66}}]},"7":{"loc":{"start":{"line":58,"column":15},"end":{"line":75,"column":null}},"type":"if","locations":[{"start":{"line":58,"column":15},"end":{"line":75,"column":null}}]},"8":{"loc":{"start":{"line":60,"column":12},"end":{"line":74,"column":null}},"type":"if","locations":[{"start":{"line":60,"column":12},"end":{"line":74,"column":null}},{"start":{"line":63,"column":19},"end":{"line":74,"column":null}}]},"9":{"loc":{"start":{"line":60,"column":16},"end":{"line":60,"column":74}},"type":"binary-expr","locations":[{"start":{"line":60,"column":16},"end":{"line":60,"column":37}},{"start":{"line":60,"column":41},"end":{"line":60,"column":74}}]},"10":{"loc":{"start":{"line":64,"column":16},"end":{"line":72,"column":null}},"type":"if","locations":[{"start":{"line":64,"column":16},"end":{"line":72,"column":null}}]}},"s":{"0":1,"1":1,"2":1,"3":1,"4":1,"5":1,"6":2,"7":2,"8":2,"9":2,"10":1,"11":1,"12":1,"13":1,"14":1,"15":1,"16":1,"17":0,"18":0,"19":0,"20":0,"21":0,"22":0,"23":0,"24":0,"25":0,"26":0,"27":0,"28":0,"29":0,"30":0,"31":0,"32":0,"33":0,"34":0,"35":0,"36":0,"37":0,"38":0,"39":1,"40":1,"41":0,"42":0,"43":1,"44":1,"45":1,"46":1,"47":1,"48":1,"49":2,"50":1,"51":1},"f":{"0":2,"1":2},"b":{"0":[1,1],"1":[1,0],"2":[1,0],"3":[0],"4":[0,0],"5":[0],"6":[0,0,0,0],"7":[1],"8":[0,1],"9":[1,1],"10":[1]}}
}
