TN:
SF:src\utils\substring-replace.ts
FN:1,(anonymous_0)
FN:2,(anonymous_2)
FNF:2
FNH:2
FNDA:2,(anonymous_0)
FNDA:27,(anonymous_2)
DA:1,1
DA:2,1
DA:3,27
DA:4,3
DA:7,27
DA:8,27
DA:9,2
DA:12,27
DA:20,1
DA:22,1
LF:10
LH:10
BRDA:3,0,0,3
BRDA:7,1,0,27
BRDA:7,1,1,0
BRDA:8,2,0,2
BRF:4
BRH:3
end_of_record
TN:
SF:src\validate\calcula-digito-verificador-codigo.ts
FN:3,(anonymous_0)
FN:4,(anonymous_2)
FNF:2
FNH:2
FNDA:2,(anonymous_0)
FNDA:3,(anonymous_2)
DA:1,1
DA:3,1
DA:4,1
DA:5,3
DA:7,3
DA:8,3
DA:9,3
DA:11,3
DA:12,1
DA:13,2
DA:14,2
DA:17,1
DA:19,1
LF:13
LH:13
BRDA:11,0,0,1
BRDA:11,0,1,2
BRDA:13,1,0,2
BRF:3
BRH:3
end_of_record
TN:
SF:src\validate\calcula-mod.ts
FN:1,(anonymous_0)
FN:2,(anonymous_2)
FN:26,(anonymous_3)
FNF:3
FNH:3
FNDA:2,(anonymous_0)
FNDA:8,(anonymous_2)
FNDA:3,(anonymous_3)
DA:1,1
DA:2,1
DA:4,8
DA:6,8
DA:7,8
DA:8,8
DA:10,8
DA:11,117
DA:12,117
DA:13,57
DA:16,8
DA:17,138
DA:19,8
DA:20,8
DA:21,6
DA:23,8
DA:26,1
DA:27,3
DA:28,3
DA:29,3
DA:30,3
DA:33,3
DA:34,129
DA:35,129
DA:36,129
DA:37,129
DA:40,3
DA:42,3
DA:43,0
DA:44,3
DA:45,0
DA:47,3
DA:49,1
DA:51,1
LF:34
LH:32
BRDA:12,0,0,57
BRDA:20,1,0,6
BRDA:42,2,0,0
BRDA:42,3,0,3
BRDA:42,3,1,3
BRDA:44,4,0,0
BRF:6
BRH:4
end_of_record
TN:
SF:src\validate\identifica-referencia.ts
FN:1,(anonymous_0)
FN:2,(anonymous_2)
FNF:2
FNH:2
FNDA:2,(anonymous_0)
FNDA:6,(anonymous_2)
DA:1,1
DA:2,1
DA:3,6
DA:5,6
DA:7,6
DA:9,6
DA:11,2
DA:15,0
DA:17,0
DA:21,0
DA:23,4
DA:27,0
DA:29,0
DA:33,0
DA:35,0
DA:38,1
DA:40,1
LF:17
LH:10
BRDA:7,0,0,0
BRDA:9,1,0,2
BRDA:9,1,1,0
BRDA:9,1,2,4
BRDA:9,1,3,0
BRDA:9,1,4,0
BRF:6
BRH:2
end_of_record
TN:
SF:src\validate\identifica-tipo-boleto.ts
FN:1,(anonymous_0)
FN:2,(anonymous_2)
FNF:2
FNH:2
FNDA:2,(anonymous_0)
FNDA:17,(anonymous_2)
DA:1,1
DA:2,1
DA:3,17
DA:5,17
DA:7,17
DA:8,0
DA:9,17
DA:10,9
DA:11,1
DA:12,8
DA:13,1
DA:14,7
DA:15,5
DA:16,2
DA:17,1
DA:18,1
DA:19,1
DA:20,0
DA:21,0
DA:22,0
DA:23,0
DA:26,8
DA:29,1
DA:31,1
LF:24
LH:19
BRDA:5,0,0,0
BRDA:7,1,0,0
BRDA:7,1,1,17
BRDA:7,2,0,17
BRDA:7,2,1,17
BRDA:9,3,0,9
BRDA:9,3,1,8
BRDA:10,4,0,1
BRDA:10,4,1,8
BRDA:12,5,0,1
BRDA:12,5,1,7
BRDA:14,6,0,5
BRDA:14,6,1,2
BRDA:16,7,0,1
BRDA:16,7,1,1
BRDA:18,8,0,1
BRDA:18,8,1,0
BRDA:20,9,0,0
BRDA:20,9,1,0
BRDA:20,10,0,0
BRDA:20,10,1,0
BRDA:22,11,0,0
BRF:22
BRH:14
end_of_record
TN:
SF:src\validate\identifica-valor-codigo-barras-arrecadacao.ts
FN:4,(anonymous_0)
FN:5,(anonymous_2)
FNF:2
FNH:2
FNDA:2,(anonymous_0)
FNDA:3,(anonymous_2)
DA:1,1
DA:2,1
DA:4,1
DA:5,1
DA:6,3
DA:8,3
DA:10,3
DA:13,3
DA:14,3
DA:15,1
DA:16,1
DA:17,1
DA:18,1
DA:19,1
DA:20,2
DA:21,2
DA:24,3
DA:26,3
DA:27,3
DA:28,16
DA:29,16
DA:33,0
DA:36,3
DA:39,1
DA:41,1
LF:25
LH:24
BRDA:13,0,0,3
BRDA:13,0,1,0
BRDA:14,1,0,1
BRDA:14,1,1,2
BRDA:20,2,0,2
BRF:5
BRH:4
end_of_record
TN:
SF:src\validate\identifica-valor.ts
FN:5,(anonymous_0)
FN:6,(anonymous_2)
FNF:2
FNH:2
FNDA:2,(anonymous_0)
FNDA:4,(anonymous_2)
DA:1,1
DA:2,1
DA:3,1
DA:5,1
DA:6,1
DA:8,4
DA:10,4
DA:13,4
DA:14,2
DA:15,0
DA:16,0
DA:18,0
DA:19,0
DA:20,0
DA:21,0
DA:24,2
DA:27,2
DA:28,2
DA:29,2
DA:30,2
DA:32,2
DA:33,2
DA:34,8
DA:35,8
DA:38,0
DA:41,4
DA:43,1
DA:45,1
LF:28
LH:21
BRDA:13,0,0,2
BRDA:13,0,1,2
BRDA:14,1,0,0
BRDA:14,1,1,2
BRDA:27,2,0,2
BRDA:28,3,0,2
BRDA:28,3,1,0
BRF:7
BRH:5
end_of_record
TN:
SF:src\validate\identificar-data.ts
FN:4,identificarData
FNF:1
FNH:1
FNDA:2,identificarData
DA:1,1
DA:2,1
DA:4,1
DA:6,2
DA:7,2
DA:8,2
DA:9,2
DA:11,2
DA:12,2
DA:15,2
DA:16,1
DA:17,1
DA:19,0
DA:22,1
DA:23,1
DA:24,1
DA:25,0
DA:26,0
DA:28,0
DA:33,2
DA:35,2
LF:21
LH:17
BRDA:15,0,0,1
BRDA:15,0,1,1
BRDA:16,1,0,1
BRDA:16,1,1,0
BRDA:22,2,0,1
BRDA:23,3,0,1
BRDA:23,3,1,0
BRDA:25,4,0,0
BRDA:25,4,1,0
BRDA:25,5,0,0
BRDA:25,5,1,0
BRDA:25,5,2,0
BRDA:25,5,3,0
BRF:13
BRH:5
end_of_record
TN:
SF:src\validate\linha-digitavel-codigo-barras.ts
FN:3,(anonymous_0)
FN:4,(anonymous_2)
FNF:2
FNH:2
FNDA:2,(anonymous_0)
FNDA:4,(anonymous_2)
DA:1,1
DA:3,1
DA:4,1
DA:5,4
DA:7,4
DA:9,4
DA:11,4
DA:12,2
DA:20,2
DA:21,2
DA:22,2
DA:23,2
DA:24,2
DA:25,2
DA:27,2
DA:30,4
DA:32,1
DA:34,1
LF:18
LH:18
BRDA:11,0,0,2
BRDA:11,0,1,2
BRF:2
BRH:2
end_of_record
TN:
SF:src\validate\validar-digito-verificador.ts
FN:6,(anonymous_0)
FN:8,(anonymous_2)
FNF:2
FNH:2
FNDA:2,(anonymous_0)
FNDA:2,(anonymous_2)
DA:1,1
DA:2,1
DA:3,1
DA:4,1
DA:6,1
DA:8,1
DA:9,2
DA:14,2
DA:15,1
DA:17,1
DA:18,1
DA:19,1
DA:20,1
DA:21,1
DA:22,1
DA:24,1
DA:26,0
DA:28,0
DA:29,0
DA:30,0
DA:31,0
DA:32,0
DA:33,0
DA:34,0
DA:35,0
DA:36,0
DA:37,0
DA:38,0
DA:39,0
DA:40,0
DA:41,0
DA:42,0
DA:44,0
DA:45,0
DA:46,0
DA:47,0
DA:49,0
DA:54,0
DA:57,0
DA:60,1
DA:61,1
DA:63,1
DA:64,0
DA:65,0
DA:67,1
DA:69,1
DA:70,1
DA:71,1
DA:72,1
DA:74,1
DA:75,1
DA:81,2
DA:83,1
DA:85,1
LF:54
LH:29
BRDA:14,0,0,1
BRDA:14,0,1,1
BRDA:17,1,0,1
BRDA:17,1,1,0
BRDA:17,2,0,1
BRDA:17,2,1,0
BRDA:28,3,0,0
BRDA:33,4,0,0
BRDA:33,4,1,0
BRDA:38,5,0,0
BRDA:49,6,0,0
BRDA:49,6,1,0
BRDA:49,6,2,0
BRDA:49,6,3,0
BRDA:60,7,0,1
BRDA:63,8,0,0
BRDA:63,8,1,1
BRDA:63,9,0,1
BRDA:63,9,1,1
BRDA:69,10,0,1
BRF:20
BRH:9
end_of_record
